Build started 12/20/2015 6:08:04 PM.
     1>Project "C:\Users\Baeza\Documents\Visual Studio 2013\Projects\Game Engines\Spacey-Engine-Interstellar-Version\GameEngineCore\GameEngineCore.vcxproj" on node 2 (Build target(s)).
     1>ClCompile:
         C:\Program Files (x86)\Microsoft Visual Studio 12.0\VC\bin\CL.exe /c /ZI /nologo /W3 /WX- /sdl /Od /Oy- /D GLEW_STATIC /D _MBCS /Gm /EHsc /RTC1 /MDd /GS /fp:precise /Zc:wchar_t /Zc:forScope /Fo"C:\Users\Baeza\Documents\Visual Studio 2013\Projects\Game Engines\Spacey-Engine-Interstellar-Version\$Bin\Debug\Intermediates\\" /Fd"C:\Users\Baeza\Documents\Visual Studio 2013\Projects\Game Engines\Spacey-Engine-Interstellar-Version\$Bin\Debug\Intermediates\vc120.pdb" /Gd /TP /analyze- /errorReport:prompt src\Input\InputController.cpp
         InputController.cpp
     1>c:\users\baeza\documents\visual studio 2013\projects\game engines\spacey-engine-interstellar-version\gameenginecore\src\input\inputcontroller.cpp(37): warning C4305: '-=' : truncation from 'double' to 'float'
     1>c:\users\baeza\documents\visual studio 2013\projects\game engines\spacey-engine-interstellar-version\gameenginecore\src\input\inputcontroller.cpp(56): warning C4305: '-=' : truncation from 'double' to 'float'
     1>c:\users\baeza\documents\visual studio 2013\projects\game engines\spacey-engine-interstellar-version\gameenginecore\src\input\inputcontroller.cpp(73): warning C4305: '-=' : truncation from 'double' to 'float'
     1>c:\users\baeza\documents\visual studio 2013\projects\game engines\spacey-engine-interstellar-version\gameenginecore\src\input\inputcontroller.cpp(138): warning C4305: '+=' : truncation from 'double' to 'float'
     1>c:\users\baeza\documents\visual studio 2013\projects\game engines\spacey-engine-interstellar-version\gameenginecore\src\input\inputcontroller.cpp(141): warning C4305: '-=' : truncation from 'double' to 'float'
     1>c:\users\baeza\documents\visual studio 2013\projects\game engines\spacey-engine-interstellar-version\gameenginecore\src\input\inputcontroller.cpp(144): warning C4305: '+=' : truncation from 'double' to 'float'
     1>c:\users\baeza\documents\visual studio 2013\projects\game engines\spacey-engine-interstellar-version\gameenginecore\src\input\inputcontroller.cpp(148): warning C4305: '-=' : truncation from 'double' to 'float'
     1>c:\users\baeza\documents\visual studio 2013\projects\game engines\spacey-engine-interstellar-version\gameenginecore\src\input\inputcontroller.cpp(151): warning C4305: '+=' : truncation from 'double' to 'float'
       Link:
         C:\Program Files (x86)\Microsoft Visual Studio 12.0\VC\bin\link.exe /ERRORREPORT:PROMPT /OUT:"C:\Users\Baeza\Documents\Visual Studio 2013\Projects\Game Engines\Spacey-Engine-Interstellar-Version\$Bin\Debug\GameEngineCore.exe" /INCREMENTAL /NOLOGO glu32.lib glfw3.lib opengl32.lib glew32s.lib FreeImage.lib kernel32.lib user32.lib gdi32.lib winspool.lib comdlg32.lib advapi32.lib shell32.lib ole32.lib oleaut32.lib uuid.lib odbc32.lib odbccp32.lib /NODEFAULTLIB:/NODEFAULTLIB:msvcrt /NODEFAULTLIB:/NODEFAULTLIB:libcmt /MANIFEST /MANIFESTUAC:"level='asInvoker' uiAccess='false'" /manifest:embed /DEBUG /PDB:"C:\Users\Baeza\Documents\Visual Studio 2013\Projects\Game Engines\Spacey-Engine-Interstellar-Version\$Bin\Debug\GameEngineCore.pdb" /TLBID:1 /DYNAMICBASE /NXCOMPAT /IMPLIB:"C:\Users\Baeza\Documents\Visual Studio 2013\Projects\Game Engines\Spacey-Engine-Interstellar-Version\$Bin\Debug\GameEngineCore.lib" /MACHINE:X86 "C:\Users\Baeza\Documents\Visual Studio 2013\Projects\Game Engines\Spacey-Engine-Interstellar-Version\$Bin\Debug\Intermediates\Main.obj"
         "C:\Users\Baeza\Documents\Visual Studio 2013\Projects\Game Engines\Spacey-Engine-Interstellar-Version\$Bin\Debug\Intermediates\LoadLevel.obj"
         "C:\Users\Baeza\Documents\Visual Studio 2013\Projects\Game Engines\Spacey-Engine-Interstellar-Version\$Bin\Debug\Intermediates\lodepng.obj"
         "C:\Users\Baeza\Documents\Visual Studio 2013\Projects\Game Engines\Spacey-Engine-Interstellar-Version\$Bin\Debug\Intermediates\Window.obj"
         "C:\Users\Baeza\Documents\Visual Studio 2013\Projects\Game Engines\Spacey-Engine-Interstellar-Version\$Bin\Debug\Intermediates\Button.obj"
         "C:\Users\Baeza\Documents\Visual Studio 2013\Projects\Game Engines\Spacey-Engine-Interstellar-Version\$Bin\Debug\Intermediates\InputController.obj"
         "C:\Users\Baeza\Documents\Visual Studio 2013\Projects\Game Engines\Spacey-Engine-Interstellar-Version\$Bin\Debug\Intermediates\MotionController.obj"
         "C:\Users\Baeza\Documents\Visual Studio 2013\Projects\Game Engines\Spacey-Engine-Interstellar-Version\$Bin\Debug\Intermediates\Orbits.obj"
         "C:\Users\Baeza\Documents\Visual Studio 2013\Projects\Game Engines\Spacey-Engine-Interstellar-Version\$Bin\Debug\Intermediates\CircleObject.obj"
         "C:\Users\Baeza\Documents\Visual Studio 2013\Projects\Game Engines\Spacey-Engine-Interstellar-Version\$Bin\Debug\Intermediates\PlayerObject.obj"
         GameEngineCore.vcxproj -> C:\Users\Baeza\Documents\Visual Studio 2013\Projects\Game Engines\Spacey-Engine-Interstellar-Version\$Bin\Debug\GameEngineCore.exe
     1>Done Building Project "C:\Users\Baeza\Documents\Visual Studio 2013\Projects\Game Engines\Spacey-Engine-Interstellar-Version\GameEngineCore\GameEngineCore.vcxproj" (Build target(s)).

Build succeeded.

Time Elapsed 00:00:03.58
