c:\users\baeza\documents\visual studio 2013\projects\games in progress\interstellar explorer\$bin\debug\intermediates\vc120.pdb
c:\users\baeza\documents\visual studio 2013\projects\games in progress\interstellar explorer\$bin\debug\intermediates\vc120.idb
c:\users\baeza\documents\visual studio 2013\projects\games in progress\interstellar explorer\$bin\debug\intermediates\main.obj
c:\users\baeza\documents\visual studio 2013\projects\games in progress\interstellar explorer\$bin\debug\intermediates\imageloader.obj
c:\users\baeza\documents\visual studio 2013\projects\games in progress\interstellar explorer\$bin\debug\intermediates\loadlevel.obj
c:\users\baeza\documents\visual studio 2013\projects\games in progress\interstellar explorer\$bin\debug\intermediates\window.obj
c:\users\baeza\documents\visual studio 2013\projects\games in progress\interstellar explorer\$bin\debug\intermediates\inputcontroller.obj
c:\users\baeza\documents\visual studio 2013\projects\games in progress\interstellar explorer\$bin\debug\intermediates\motioncontroller.obj
c:\users\baeza\documents\visual studio 2013\projects\games in progress\interstellar explorer\$bin\debug\intermediates\orbits.obj
c:\users\baeza\documents\visual studio 2013\projects\games in progress\interstellar explorer\$bin\debug\intermediates\circleobject.obj
c:\users\baeza\documents\visual studio 2013\projects\games in progress\interstellar explorer\$bin\debug\intermediates\playerobject.obj
c:\users\baeza\documents\visual studio 2013\projects\games in progress\interstellar explorer\$bin\debug\intermediates\button.obj
c:\users\baeza\documents\visual studio 2013\projects\games in progress\interstellar explorer\$bin\debug\intermediates\texturemanager.obj
c:\users\baeza\documents\visual studio 2013\projects\games in progress\interstellar explorer\$bin\debug\intermediates\texture.obj
c:\users\baeza\documents\visual studio 2013\projects\game engines\spacey-engine-interstellar-version\$bin\debug\intermediates\vc120.pdb
c:\users\baeza\documents\visual studio 2013\projects\game engines\spacey-engine-interstellar-version\$bin\debug\intermediates\vc120.idb
c:\users\baeza\documents\visual studio 2013\projects\game engines\spacey-engine-interstellar-version\$bin\debug\intermediates\loadlevel.obj
c:\users\baeza\documents\visual studio 2013\projects\game engines\spacey-engine-interstellar-version\$bin\debug\intermediates\lodepng.obj
c:\users\baeza\documents\visual studio 2013\projects\game engines\spacey-engine-interstellar-version\$bin\debug\intermediates\window.obj
c:\users\baeza\documents\visual studio 2013\projects\game engines\spacey-engine-interstellar-version\$bin\debug\intermediates\button.obj
c:\users\baeza\documents\visual studio 2013\projects\game engines\spacey-engine-interstellar-version\$bin\debug\intermediates\inputcontroller.obj
c:\users\baeza\documents\visual studio 2013\projects\game engines\spacey-engine-interstellar-version\$bin\debug\intermediates\motioncontroller.obj
c:\users\baeza\documents\visual studio 2013\projects\game engines\spacey-engine-interstellar-version\$bin\debug\intermediates\orbits.obj
c:\users\baeza\documents\visual studio 2013\projects\game engines\spacey-engine-interstellar-version\$bin\debug\intermediates\circleobject.obj
c:\users\baeza\documents\visual studio 2013\projects\game engines\spacey-engine-interstellar-version\$bin\debug\intermediates\playerobject.obj
c:\users\baeza\documents\visual studio 2013\projects\game engines\spacey-engine-interstellar-version\$bin\debug\intermediates\main.obj
c:\users\baeza\documents\visual studio 2013\projects\games in progress\interstellar explorer\$bin\debug\gameenginecore.ilk
c:\users\baeza\documents\visual studio 2013\projects\games in progress\interstellar explorer\$bin\debug\gameenginecore.exe
c:\users\baeza\documents\visual studio 2013\projects\games in progress\interstellar explorer\$bin\debug\gameenginecore.pdb
c:\users\baeza\documents\visual studio 2013\projects\game engines\spacey-engine-interstellar-version\$bin\debug\gameenginecore.ilk
c:\users\baeza\documents\visual studio 2013\projects\game engines\spacey-engine-interstellar-version\$bin\debug\gameenginecore.exe
c:\users\baeza\documents\visual studio 2013\projects\game engines\spacey-engine-interstellar-version\$bin\debug\gameenginecore.pdb
c:\users\baeza\documents\visual studio 2013\projects\game engines\spacey-engine-interstellar-version\$bin\debug\intermediates\imageloader.obj
c:\users\baeza\documents\visual studio 2013\projects\game engines\spacey-engine-interstellar-version\$bin\debug\intermediates\texture.obj
c:\users\baeza\documents\visual studio 2013\projects\game engines\spacey-engine-interstellar-version\$bin\debug\intermediates\texturemanager.obj
c:\users\baeza\documents\visual studio 2013\projects\game engines\spacey-engine-interstellar-version\$bin\debug\intermediates\vec2.obj
c:\users\baeza\documents\visual studio 2013\projects\game engines\spacey-engine-interstellar-version\$bin\debug\intermediates\vec3.obj
c:\users\baeza\documents\visual studio 2013\projects\game engines\spacey-engine-interstellar-version\$bin\debug\intermediates\vec4.obj
c:\users\baeza\documents\visual studio 2013\projects\game engines\spacey-engine-interstellar-version\$bin\debug\intermediates\gameenginecore.tlog\cl.command.1.tlog
c:\users\baeza\documents\visual studio 2013\projects\game engines\spacey-engine-interstellar-version\$bin\debug\intermediates\gameenginecore.tlog\cl.read.1.tlog
c:\users\baeza\documents\visual studio 2013\projects\game engines\spacey-engine-interstellar-version\$bin\debug\intermediates\gameenginecore.tlog\cl.write.1.tlog
c:\users\baeza\documents\visual studio 2013\projects\game engines\spacey-engine-interstellar-version\$bin\debug\intermediates\gameenginecore.tlog\link.command.1.tlog
c:\users\baeza\documents\visual studio 2013\projects\game engines\spacey-engine-interstellar-version\$bin\debug\intermediates\gameenginecore.tlog\link.read.1.tlog
c:\users\baeza\documents\visual studio 2013\projects\game engines\spacey-engine-interstellar-version\$bin\debug\intermediates\gameenginecore.tlog\link.write.1.tlog
